<?xml version="1.0" encoding="UTF-8"?>
<!-- Generated by org.testng.reporters.JUnitReportReporter -->
<testsuite hostname="DESKTOP-9R00FUT" failures="0" tests="1" name="tests.LoginTest" time="3.064" errors="0" timestamp="2025-02-08T11:16:17 IST" skipped="0">
  <testcase classname="tests.LoginTest" name="testLogin" time="3.064"/>
</testsuite> <!-- tests.LoginTest -->
